<?xml version="1.0" encoding="UTF-8"?>
<!-- Generated by org.testng.reporters.JUnitXMLReporter -->
<testsuite ignored="0" hostname="si-rakshiths2" failures="0" tests="6" name="Default test" time="42.581" errors="0" timestamp="2026-06-03T08:58:19 IST">
  <testcase classname="com.orange.Testscript.TestScript4" name="login" time="1.225"/>
  <testcase classname="com.orange.Testscript.TestScript4" name="login" time="2.313"/>
  <testcase classname="com.orange.Testscript.TestScript4" name="verifiyTitle" time="1.975"/>
  <testcase classname="com.orange.Testscript.TestScript4" name="creatAdminData" time="5.06"/>
  <testcase classname="com.orange.Testscript.TestScript4" name="addEmployee" time="7.896"/>
  <testcase classname="com.orange.Testscript.TestScript4" name="logout" time="4.002"/>
</testsuite> <!-- Default test -->
