<?xml version="1.0" encoding="UTF-8"?>
<!-- Generated by org.testng.reporters.JUnitXMLReporter -->
<testsuite ignored="0" hostname="si-rakshiths2" failures="0" tests="4" name="Default test" time="105.992" errors="0" timestamp="2026-05-27T14:29:29 IST">
  <testcase classname="com.orange.Testscript.TestScript4" name="login" time="6.125"/>
  <testcase classname="com.orange.Testscript.TestScript4" name="login" time="11.924"/>
  <testcase classname="com.orange.Testscript.TestScript4" name="verifiyTitle" time="9.377"/>
  <testcase classname="com.orange.Testscript.TestScript4" name="logout" time="9.416"/>
</testsuite> <!-- Default test -->
