<?xml version="1.0" encoding="UTF-8"?>
<!-- Generated by org.testng.reporters.JUnitXMLReporter -->
<testsuite ignored="0" hostname="si-rakshiths2" failures="0" tests="5" name="TestB" time="120.026" errors="0" timestamp="2026-06-09T14:50:41 IST">
  <testcase classname="com.orange.Testscript.TestScript4" name="login" time="23.473"/>
  <testcase classname="com.orange.Testscript.TestScript4" name="login" time="5.369"/>
  <testcase classname="com.orange.Testscript.TestScript4" name="verifiyTitle" time="13.596"/>
  <testcase classname="com.orange.Testscript.TestScript4" name="creatAdminData" time="20.449"/>
  <testcase classname="com.orange.Testscript.TestScript4" name="logout" time="10.9"/>
</testsuite> <!-- TestB -->
