<?xml version="1.0" encoding="UTF-8"?>
<!-- Generated by org.testng.reporters.JUnitXMLReporter -->
<testsuite ignored="1" hostname="si-rakshiths2" failures="0" tests="1" name="Test" time="24.898" errors="0" timestamp="2026-05-26T11:16:41 IST">
  <testcase classname="com.orange.Testscript.TestScript4" name="creatAdminDatas" time="6.83"/>
  <testcase classname="com.orange.Testscript.TestScript4" name="creatAdminData" time="0.0">
    <ignored/>
  </testcase> <!-- creatAdminData -->
</testsuite> <!-- Test -->
