<?xml version="1.0" encoding="UTF-8"?>
<!-- Generated by org.testng.reporters.JUnitXMLReporter -->
<testsuite ignored="0" hostname="si-rakshiths2" failures="0" tests="5" name="Test_001" time="0.144" errors="0" timestamp="2026-06-04T15:04:28 IST">
  <testcase classname="com.orange.generic.BaseClass" name="@BeforeTest OpenBrowser" time="-1.780565667974E9">
    <failure type="org.testng.TestNGException" message="
Parameter &amp;apos;browser&amp;apos; is required by BeforeTest on method OpenBrowser but has not been marked @Optional or defined
in C:\Users\rakshith.s\eclipse-workspace\Automation_project\testng.xml">
      <![CDATA[org.testng.TestNGException: 
Parameter 'browser' is required by BeforeTest on method OpenBrowser but has not been marked @Optional or defined
in C:\Users\rakshith.s\eclipse-workspace\Automation_project\testng.xml
at java.base/java.util.concurrent.FutureTask.run(FutureTask.java:264)
at java.base/java.util.concurrent.ThreadPoolExecutor.runWorker(ThreadPoolExecutor.java:1136)
at java.base/java.util.concurrent.ThreadPoolExecutor$Worker.run(ThreadPoolExecutor.java:635)
at java.base/java.lang.Thread.run(Thread.java:840)
... Removed 11 stack frames]]>
    </failure>
  </testcase> <!-- @BeforeTest OpenBrowser -->
  <testcase classname="com.orange.generic.BaseClass" name="@BeforeTest OpenBrowser" time="-1.780565667974E9">
    <failure type="org.testng.TestNGException" message="
Parameter &amp;apos;browser&amp;apos; is required by BeforeTest on method OpenBrowser but has not been marked @Optional or defined
in C:\Users\rakshith.s\eclipse-workspace\Automation_project\testng.xml">
      <![CDATA[org.testng.TestNGException: 
Parameter 'browser' is required by BeforeTest on method OpenBrowser but has not been marked @Optional or defined
in C:\Users\rakshith.s\eclipse-workspace\Automation_project\testng.xml
at java.base/java.util.concurrent.FutureTask.run(FutureTask.java:264)
at java.base/java.util.concurrent.ThreadPoolExecutor.runWorker(ThreadPoolExecutor.java:1136)
at java.base/java.util.concurrent.ThreadPoolExecutor$Worker.run(ThreadPoolExecutor.java:635)
at java.base/java.lang.Thread.run(Thread.java:840)
... Removed 11 stack frames]]>
    </failure>
  </testcase> <!-- @BeforeTest OpenBrowser -->
  <testcase classname="com.orange.generic.BaseClass" name="@AfterTest browserClose" time="0.0">
    <skipped/>
  </testcase> <!-- @AfterTest browserClose -->
  <testcase classname="com.orange.generic.BaseClass" name="@AfterTest browserClose" time="0.0">
    <skipped/>
  </testcase> <!-- @AfterTest browserClose -->
  <testcase classname="com.orange.Testscript.TestScript4" name="login" time="0.0">
    <skipped/>
  </testcase> <!-- login -->
  <testcase classname="com.orange.Testscript.TestScript4" name="login" time="0.0">
    <skipped/>
  </testcase> <!-- login -->
  <testcase classname="com.orange.Testscript.TestScript4" name="verifiyTitle" time="0.0">
    <skipped/>
  </testcase> <!-- verifiyTitle -->
  <testcase classname="com.orange.Testscript.TestScript4" name="creatAdminData" time="0.0">
    <skipped/>
  </testcase> <!-- creatAdminData -->
  <testcase classname="com.orange.Testscript.TestScript4" name="logout" time="0.0">
    <skipped/>
  </testcase> <!-- logout -->
</testsuite> <!-- Test_001 -->
