<?xml version="1.0" encoding="UTF-8"?>
<!-- Generated by org.testng.reporters.JUnitXMLReporter -->
<testsuite ignored="0" hostname="si-rakshiths2" failures="0" tests="5" name="TestA" time="89.626" errors="0" timestamp="2026-06-09T14:50:11 IST">
  <testcase classname="com.orange.Testscript.TestScript4" name="login" time="13.178"/>
  <testcase classname="com.orange.Testscript.TestScript4" name="login" time="11.316"/>
  <testcase classname="com.orange.Testscript.TestScript4" name="verifiyTitle" time="12.009"/>
  <testcase classname="com.orange.Testscript.TestScript4" name="creatAdminData" time="22.172"/>
  <testcase classname="com.orange.Testscript.TestScript4" name="logout" time="8.009"/>
</testsuite> <!-- TestA -->
