<?xml version="1.0" encoding="UTF-8"?>
<!-- Generated by org.testng.reporters.JUnitXMLReporter -->
<testsuite ignored="0" hostname="si-rakshiths2" failures="0" tests="4" name="Test_002" time="0.134" errors="0" timestamp="2026-06-04T15:04:28 IST">
  <testcase classname="com.orange.Testscript.TestScript5" name="login" time="0.0">
    <skipped/>
  </testcase> <!-- login -->
  <testcase classname="com.orange.Testscript.TestScript5" name="login" time="0.0">
    <skipped/>
  </testcase> <!-- login -->
  <testcase classname="com.orange.Testscript.TestScript5" name="addEmployee" time="0.0">
    <skipped/>
  </testcase> <!-- addEmployee -->
  <testcase classname="com.orange.Testscript.TestScript5" name="logout" time="0.0">
    <skipped/>
  </testcase> <!-- logout -->
</testsuite> <!-- Test_002 -->
