<?xml version="1.0" encoding="UTF-8"?>
<!-- Generated by org.testng.reporters.JUnitXMLReporter -->
<testsuite ignored="0" hostname="si-rakshiths2" failures="0" tests="4" name="Test_002" time="37.957" errors="0" timestamp="2026-06-03T11:42:07 IST">
  <testcase classname="com.orange.Testscript.TestScript5" name="login" time="3.074"/>
  <testcase classname="com.orange.Testscript.TestScript5" name="login" time="0.859"/>
  <testcase classname="com.orange.Testscript.TestScript5" name="addEmployee" time="13.079"/>
  <testcase classname="com.orange.Testscript.TestScript5" name="logout" time="3.682"/>
</testsuite> <!-- Test_002 -->
