<?xml version="1.0" encoding="UTF-8"?>
<!-- Generated by org.testng.reporters.JUnitXMLReporter -->
<testsuite ignored="0" hostname="si-rakshiths2" failures="0" tests="5" name="Test_001" time="41.453" errors="0" timestamp="2026-06-03T11:42:10 IST">
  <testcase classname="com.orange.Testscript.TestScript4" name="login" time="1.733"/>
  <testcase classname="com.orange.Testscript.TestScript4" name="login" time="5.577"/>
  <testcase classname="com.orange.Testscript.TestScript4" name="verifiyTitle" time="2.593"/>
  <testcase classname="com.orange.Testscript.TestScript4" name="creatAdminData" time="6.164"/>
  <testcase classname="com.orange.Testscript.TestScript4" name="logout" time="4.624"/>
</testsuite> <!-- Test_001 -->
