<?xml version="1.0" encoding="UTF-8"?>
<testng-results ignored="0" total="9" passed="9" failed="0" skipped="0">
  <reporter-output>
    <line>
      <![CDATA[Browser Opened and Navigated to URL: https://opensource-demo.orangehrmlive.com/web/index.php/auth/login]]>
    </line>
    <line>
      <![CDATA[Browser Opened and Navigated to URL: https://opensource-demo.orangehrmlive.com/web/index.php/auth/login]]>
    </line>
    <line>
      <![CDATA[Title Verified Successfull]]>
    </line>
    <line>
      <![CDATA[Added Employee Successfully]]>
    </line>
    <line>
      <![CDATA[Clicked on Admin TestCase Pass :Regression TestMethod ]]>
    </line>
    <line>
      <![CDATA[Logged out successfully]]>
    </line>
    <line>
      <![CDATA[Browser closed successfully]]>
    </line>
    <line>
      <![CDATA[Logged out successfully]]>
    </line>
    <line>
      <![CDATA[Browser closed successfully]]>
    </line>
  </reporter-output>
  <suite started-at="2026-06-03T11:41:29 IST" name="Suite" finished-at="2026-06-03T11:42:10 IST" duration-ms="41453">
    <groups>
      <group name="SmokeTest">
        <method signature="TestScript4.login(java.lang.String,java.lang.String)[pri:1, instance:com.orange.Testscript.TestScript4@c667f46]" name="login" class="com.orange.Testscript.TestScript4"/>
        <method signature="TestScript5.login(java.lang.String,java.lang.String)[pri:1, instance:com.orange.Testscript.TestScript5@895e367]" name="login" class="com.orange.Testscript.TestScript5"/>
      </group> <!-- SmokeTest -->
      <group name="RegressionTest">
        <method signature="TestScript4.login(java.lang.String,java.lang.String)[pri:1, instance:com.orange.Testscript.TestScript4@c667f46]" name="login" class="com.orange.Testscript.TestScript4"/>
        <method signature="TestScript4.verifiyTitle()[pri:2, instance:com.orange.Testscript.TestScript4@c667f46]" name="verifiyTitle" class="com.orange.Testscript.TestScript4"/>
        <method signature="TestScript4.creatAdminData()[pri:3, instance:com.orange.Testscript.TestScript4@c667f46]" name="creatAdminData" class="com.orange.Testscript.TestScript4"/>
        <method signature="TestScript5.login(java.lang.String,java.lang.String)[pri:1, instance:com.orange.Testscript.TestScript5@895e367]" name="login" class="com.orange.Testscript.TestScript5"/>
      </group> <!-- RegressionTest -->
    </groups>
    <test started-at="2026-06-03T11:41:29 IST" name="Test_002" finished-at="2026-06-03T11:42:07 IST" duration-ms="37957">
      <class name="com.orange.Testscript.TestScript5">
        <test-method is-config="true" signature="OpenBrowser()[pri:0, instance:com.orange.Testscript.TestScript5@895e367]" started-at="2026-06-03T11:41:29 IST" name="OpenBrowser" finished-at="2026-06-03T11:41:44 IST" duration-ms="14905" status="PASS">
          <reporter-output>
            <line>
              <![CDATA[Browser Opened and Navigated to URL: https://opensource-demo.orangehrmlive.com/web/index.php/auth/login]]>
            </line>
          </reporter-output>
        </test-method> <!-- OpenBrowser -->
        <test-method signature="login(java.lang.String,java.lang.String)[pri:1, instance:com.orange.Testscript.TestScript5@895e367]" started-at="2026-06-03T11:41:44 IST" name="login" data-provider="login" finished-at="2026-06-03T11:41:47 IST" duration-ms="3074" status="PASS">
          <params>
            <param index="0">
              <value>
                <![CDATA[admin12]]>
              </value>
            </param>
            <param index="1">
              <value>
                <![CDATA[admin2123]]>
              </value>
            </param>
          </params>
          <reporter-output>
          </reporter-output>
        </test-method> <!-- login -->
        <test-method signature="login(java.lang.String,java.lang.String)[pri:1, instance:com.orange.Testscript.TestScript5@895e367]" started-at="2026-06-03T11:41:47 IST" name="login" data-provider="login" finished-at="2026-06-03T11:41:48 IST" duration-ms="859" status="PASS">
          <params>
            <param index="0">
              <value>
                <![CDATA[Admin]]>
              </value>
            </param>
            <param index="1">
              <value>
                <![CDATA[admin123]]>
              </value>
            </param>
          </params>
          <reporter-output>
          </reporter-output>
        </test-method> <!-- login -->
        <test-method signature="addEmployee()[pri:2, instance:com.orange.Testscript.TestScript5@895e367]" started-at="2026-06-03T11:41:48 IST" name="addEmployee" finished-at="2026-06-03T11:42:01 IST" duration-ms="13079" status="PASS">
          <reporter-output>
            <line>
              <![CDATA[Added Employee Successfully]]>
            </line>
          </reporter-output>
        </test-method> <!-- addEmployee -->
        <test-method signature="logout()[pri:3, instance:com.orange.Testscript.TestScript5@895e367]" started-at="2026-06-03T11:42:01 IST" name="logout" finished-at="2026-06-03T11:42:04 IST" duration-ms="3682" status="PASS">
          <reporter-output>
            <line>
              <![CDATA[Logged out successfully]]>
            </line>
          </reporter-output>
        </test-method> <!-- logout -->
        <test-method is-config="true" signature="browserClose()[pri:0, instance:com.orange.Testscript.TestScript5@895e367]" started-at="2026-06-03T11:42:04 IST" name="browserClose" finished-at="2026-06-03T11:42:07 IST" duration-ms="2290" status="PASS">
          <reporter-output>
            <line>
              <![CDATA[Browser closed successfully]]>
            </line>
          </reporter-output>
        </test-method> <!-- browserClose -->
      </class> <!-- com.orange.Testscript.TestScript5 -->
    </test> <!-- Test_002 -->
    <test started-at="2026-06-03T11:41:29 IST" name="Test_001" finished-at="2026-06-03T11:42:10 IST" duration-ms="41453">
      <class name="com.orange.Testscript.TestScript4">
        <test-method is-config="true" signature="OpenBrowser()[pri:0, instance:com.orange.Testscript.TestScript4@c667f46]" started-at="2026-06-03T11:41:29 IST" name="OpenBrowser" finished-at="2026-06-03T11:41:47 IST" duration-ms="18366" status="PASS">
          <reporter-output>
            <line>
              <![CDATA[Browser Opened and Navigated to URL: https://opensource-demo.orangehrmlive.com/web/index.php/auth/login]]>
            </line>
          </reporter-output>
        </test-method> <!-- OpenBrowser -->
        <test-method signature="login(java.lang.String,java.lang.String)[pri:1, instance:com.orange.Testscript.TestScript4@c667f46]" started-at="2026-06-03T11:41:47 IST" name="login" data-provider="login" finished-at="2026-06-03T11:41:49 IST" duration-ms="1733" status="PASS">
          <params>
            <param index="0">
              <value>
                <![CDATA[admin12]]>
              </value>
            </param>
            <param index="1">
              <value>
                <![CDATA[admin2123]]>
              </value>
            </param>
          </params>
          <reporter-output>
          </reporter-output>
        </test-method> <!-- login -->
        <test-method signature="login(java.lang.String,java.lang.String)[pri:1, instance:com.orange.Testscript.TestScript4@c667f46]" started-at="2026-06-03T11:41:49 IST" name="login" data-provider="login" finished-at="2026-06-03T11:41:55 IST" duration-ms="5577" status="PASS">
          <params>
            <param index="0">
              <value>
                <![CDATA[Admin]]>
              </value>
            </param>
            <param index="1">
              <value>
                <![CDATA[admin123]]>
              </value>
            </param>
          </params>
          <reporter-output>
          </reporter-output>
        </test-method> <!-- login -->
        <test-method signature="verifiyTitle()[pri:2, instance:com.orange.Testscript.TestScript4@c667f46]" started-at="2026-06-03T11:41:55 IST" name="verifiyTitle" finished-at="2026-06-03T11:41:57 IST" duration-ms="2593" status="PASS">
          <reporter-output>
            <line>
              <![CDATA[Title Verified Successfull]]>
            </line>
          </reporter-output>
        </test-method> <!-- verifiyTitle -->
        <test-method signature="creatAdminData()[pri:3, instance:com.orange.Testscript.TestScript4@c667f46]" started-at="2026-06-03T11:41:57 IST" name="creatAdminData" finished-at="2026-06-03T11:42:03 IST" duration-ms="6164" status="PASS">
          <reporter-output>
            <line>
              <![CDATA[Clicked on Admin TestCase Pass :Regression TestMethod ]]>
            </line>
          </reporter-output>
        </test-method> <!-- creatAdminData -->
        <test-method signature="logout()[pri:4, instance:com.orange.Testscript.TestScript4@c667f46]" started-at="2026-06-03T11:42:03 IST" name="logout" finished-at="2026-06-03T11:42:08 IST" duration-ms="4624" status="PASS">
          <reporter-output>
            <line>
              <![CDATA[Logged out successfully]]>
            </line>
          </reporter-output>
        </test-method> <!-- logout -->
        <test-method is-config="true" signature="browserClose()[pri:0, instance:com.orange.Testscript.TestScript4@c667f46]" started-at="2026-06-03T11:42:08 IST" name="browserClose" finished-at="2026-06-03T11:42:10 IST" duration-ms="2314" status="PASS">
          <reporter-output>
            <line>
              <![CDATA[Browser closed successfully]]>
            </line>
          </reporter-output>
        </test-method> <!-- browserClose -->
      </class> <!-- com.orange.Testscript.TestScript4 -->
    </test> <!-- Test_001 -->
  </suite> <!-- Suite -->
</testng-results>
