<?xml version="1.0" encoding="UTF-8"?>
<!-- Generated by org.testng.reporters.JUnitReportReporter -->
<testsuite hostname="si-rakshiths2" failures="0" tests="5" name="com.orange.Testscript.TestScript5" time="-1780565632.000" errors="1" timestamp="2026-06-04T15:04:28 IST" skipped="4">
  <testcase classname="com.orange.Testscript.TestScript5" name="OpenBrowser" time="-1780565632.000">
    <error message="
Parameter &#039;browser&#039; is required by BeforeTest on method OpenBrowser but has not been marked @Optional or defined
in C:\Users\rakshith.s\eclipse-workspace\Automation_project\testng.xml" type="org.testng.TestNGException">
      <![CDATA[org.testng.TestNGException: 
Parameter 'browser' is required by BeforeTest on method OpenBrowser but has not been marked @Optional or defined
in C:\Users\rakshith.s\eclipse-workspace\Automation_project\testng.xml
at org.testng.internal.Parameters.createParams(Parameters.java:264)
at org.testng.internal.Parameters.createParametersForMethod(Parameters.java:352)
at org.testng.internal.Parameters.createParameters(Parameters.java:690)
at org.testng.internal.Parameters.createConfigurationParameters(Parameters.java:163)
at org.testng.internal.invokers.ConfigInvoker.invokeConfigurations(ConfigInvoker.java:313)
at org.testng.TestRunner.invokeTestConfigurations(TestRunner.java:657)
at org.testng.TestRunner.beforeRun(TestRunner.java:646)
at org.testng.TestRunner.run(TestRunner.java:612)
at org.testng.SuiteRunner.runTest(SuiteRunner.java:421)
at org.testng.SuiteRunner$SuiteWorker.run(SuiteRunner.java:463)
at org.testng.internal.thread.ThreadUtil.lambda$execute$0(ThreadUtil.java:64)
at java.base/java.util.concurrent.FutureTask.run(FutureTask.java:264)
at java.base/java.util.concurrent.ThreadPoolExecutor.runWorker(ThreadPoolExecutor.java:1136)
at java.base/java.util.concurrent.ThreadPoolExecutor$Worker.run(ThreadPoolExecutor.java:635)
at java.base/java.lang.Thread.run(Thread.java:840)
]]>
    </error>
  </testcase> <!-- OpenBrowser -->
  <testcase classname="com.orange.Testscript.TestScript5" name="login" time="0.000">
    <skipped/>
  </testcase> <!-- login -->
  <testcase classname="com.orange.Testscript.TestScript5" name="login" time="0.000">
    <skipped/>
  </testcase> <!-- login -->
  <testcase classname="com.orange.Testscript.TestScript5" name="addEmployee" time="0.000">
    <skipped/>
  </testcase> <!-- addEmployee -->
  <testcase classname="com.orange.Testscript.TestScript5" name="logout" time="0.000">
    <skipped/>
  </testcase> <!-- logout -->
</testsuite> <!-- com.orange.Testscript.TestScript5 -->
