<?xml version="1.0" encoding="UTF-8"?>
<!-- Generated by org.testng.reporters.JUnitReportReporter -->
<testsuite hostname="si-rakshiths2" failures="0" tests="5" name="com.orange.Testscript.TestScript2" time="30.731" errors="0" timestamp="2026-05-19T15:56:34 IST" skipped="0">
  <testcase classname="com.orange.Testscript.TestScript2" name="OpenBrowser" time="10.169">
    <system-out>
      <![CDATA[Test Case Pass ]]>
    </system-out>
  </testcase> <!-- OpenBrowser -->
  <testcase classname="com.orange.Testscript.TestScript2" name="login" time="3.963">
    <system-out>
      <![CDATA[Test Case Pass ]]>
    </system-out>
  </testcase> <!-- login -->
  <testcase classname="com.orange.Testscript.TestScript2" name="admin" time="11.128">
    <system-out>
      <![CDATA[Test Case Pass ]]>
    </system-out>
  </testcase> <!-- admin -->
  <testcase classname="com.orange.Testscript.TestScript2" name="logout" time="4.308">
    <system-out>
      <![CDATA[Test Case Pass ]]>
    </system-out>
  </testcase> <!-- logout -->
  <testcase classname="com.orange.Testscript.TestScript2" name="closeBrowser" time="1.163">
    <system-out>
      <![CDATA[TestScript2 Pass]]>
    </system-out>
  </testcase> <!-- closeBrowser -->
  <system-out>
    <![CDATA[Test Case Pass 
Test Case Pass 
Test Case Pass 
Test Case Pass 
Test Case Pass 
Test Case Pass 
TestScript2 Pass
Test Case Pass 
TestScript3 Pass
Test Case Pass ]]>
  </system-out>
</testsuite> <!-- com.orange.Testscript.TestScript2 -->
