<?xml version="1.0" encoding="UTF-8"?>
<!-- Generated by org.testng.reporters.JUnitReportReporter -->
<testsuite hostname="si-rakshiths2" failures="0" tests="1" name="com.orange.Testscript.TestScript4" time="12.108" errors="0" timestamp="2026-05-25T16:15:22 IST" skipped="0">
  <testcase classname="com.orange.Testscript.TestScript4" name="creatAdminDatas" time="12.108">
    <system-out>
      <![CDATA[ Unit Regression is Pass : Clicked on Admin TestCase Pass ]]>
    </system-out>
  </testcase> <!-- creatAdminDatas -->
  <system-out>
    <![CDATA[Browser Opened and Navigated to URL: https://opensource-demo.orangehrmlive.com/web/index.php/auth/login
Logged in with username: Admin
 Unit Regression is Pass : Clicked on Admin TestCase Pass 
Logged out successfully
Browser closed successfully]]>
  </system-out>
</testsuite> <!-- com.orange.Testscript.TestScript4 -->
