<?xml version="1.0" encoding="UTF-8"?>
<!-- Generated by org.testng.reporters.JUnitReportReporter -->
<testsuite hostname="si-rakshiths2" failures="0" tests="4" name="com.orange.Testscript.TestScript1" time="23.059" errors="1" timestamp="2026-05-19T15:56:34 IST" skipped="1">
  <testcase classname="com.orange.Testscript.TestScript1" name="OpenBrowser" time="19.104">
    <system-out>
      <![CDATA[Test Case Pass ]]>
    </system-out>
  </testcase> <!-- OpenBrowser -->
  <testcase classname="com.orange.Testscript.TestScript1" name="login" time="3.925">
    <system-out>
      <![CDATA[Test Case Pass ]]>
    </system-out>
  </testcase> <!-- login -->
  <testcase classname="com.orange.Testscript.TestScript1" name="logout" time="0.030">
    <error message="Method com.orange.Testscript.TestScript1.logout() didn&#039;t finish within the time-out 10" type="org.testng.internal.thread.ThreadTimeoutException">
      <![CDATA[org.testng.internal.thread.ThreadTimeoutException: Method com.orange.Testscript.TestScript1.logout() didn't finish within the time-out 10
at java.base@17.0.10/jdk.internal.misc.Unsafe.park(Native Method)
at java.base@17.0.10/java.util.concurrent.locks.LockSupport.park(LockSupport.java:211)
at java.base@17.0.10/java.util.concurrent.CompletableFuture$Signaller.block(CompletableFuture.java:1864)
at java.base@17.0.10/java.util.concurrent.ForkJoinPool.unmanagedBlock(ForkJoinPool.java:3465)
at java.base@17.0.10/java.util.concurrent.ForkJoinPool.managedBlock(ForkJoinPool.java:3436)
at java.base@17.0.10/java.util.concurrent.CompletableFuture.waitingGet(CompletableFuture.java:1898)
at java.base@17.0.10/java.util.concurrent.CompletableFuture.get(CompletableFuture.java:2072)
at app//org.openqa.selenium.remote.http.jdk.JdkHttpClient.execute(JdkHttpClient.java:417)
at app//org.openqa.selenium.remote.HttpCommandExecutor.execute(HttpCommandExecutor.java:221)
at app//org.openqa.selenium.remote.service.DriverCommandExecutor.invokeExecute(DriverCommandExecutor.java:217)
at app//org.openqa.selenium.remote.service.DriverCommandExecutor.execute(DriverCommandExecutor.java:175)
at app//org.openqa.selenium.remote.RemoteWebDriver.execute(RemoteWebDriver.java:600)
at app//org.openqa.selenium.remote.ElementLocation$ElementFinder$2.findElement(ElementLocation.java:173)
at app//org.openqa.selenium.remote.ElementLocation.findElement(ElementLocation.java:60)
at app//org.openqa.selenium.remote.RemoteWebDriver.findElement(RemoteWebDriver.java:421)
at app//org.openqa.selenium.remote.RemoteWebDriver.findElement(RemoteWebDriver.java:415)
at app//org.openqa.selenium.support.ui.ExpectedConditions$6.apply(ExpectedConditions.java:193)
at app//org.openqa.selenium.support.ui.ExpectedConditions$6.apply(ExpectedConditions.java:188)
at app//org.openqa.selenium.support.ui.FluentWait.until(FluentWait.java:210)
at app//com.orange.Testscript.TestScript1.logout(TestScript1.java:40)
at java.base@17.0.10/jdk.internal.reflect.NativeMethodAccessorImpl.invoke0(Native Method)
at java.base@17.0.10/jdk.internal.reflect.NativeMethodAccessorImpl.invoke(NativeMethodAccessorImpl.java:77)
at java.base@17.0.10/jdk.internal.reflect.DelegatingMethodAccessorImpl.invoke(DelegatingMethodAccessorImpl.java:43)
at java.base@17.0.10/java.lang.reflect.Method.invoke(Method.java:568)
at app//org.testng.internal.invokers.MethodInvocationHelper.invokeMethod(MethodInvocationHelper.java:141)
at app//org.testng.internal.invokers.InvokeMethodRunnable.runOne(InvokeMethodRunnable.java:47)
at app//org.testng.internal.invokers.InvokeMethodRunnable.call(InvokeMethodRunnable.java:76)
at app//org.testng.internal.invokers.InvokeMethodRunnable.call(InvokeMethodRunnable.java:11)
at java.base@17.0.10/java.util.concurrent.FutureTask.run(FutureTask.java:264)
at java.base@17.0.10/java.util.concurrent.ThreadPoolExecutor.runWorker(ThreadPoolExecutor.java:1136)
at java.base@17.0.10/java.util.concurrent.ThreadPoolExecutor$Worker.run(ThreadPoolExecutor.java:635)
at java.base@17.0.10/java.lang.Thread.run(Thread.java:840)
]]>
    </error>
  </testcase> <!-- logout -->
  <testcase classname="com.orange.Testscript.TestScript1" name="closeBrowser" time="0.000">
    <skipped/>
  </testcase> <!-- closeBrowser -->
  <system-out>
    <![CDATA[Test Case Pass 
Test Case Pass 
Test Case Pass 
Test Case Pass 
Test Case Pass 
Test Case Pass 
TestScript2 Pass
Test Case Pass 
TestScript3 Pass
Test Case Pass ]]>
  </system-out>
</testsuite> <!-- com.orange.Testscript.TestScript1 -->
