<?xml version="1.0" encoding="UTF-8"?>
<!-- Generated by org.testng.reporters.JUnitReportReporter -->
<testsuite hostname="si-rakshiths2" failures="0" tests="3" name="com.orange.Testscript.TestScript3" time="19.370" errors="0" timestamp="2026-05-19T15:56:34 IST" skipped="0">
  <testcase classname="com.orange.Testscript.TestScript3" name="OpenBrowser" time="19.150">
    <system-out>
      <![CDATA[Test Case Pass ]]>
    </system-out>
  </testcase> <!-- OpenBrowser -->
  <testcase classname="com.orange.Testscript.TestScript3" name="verifiyTitle" time="0.022">
    <system-out>
      <![CDATA[TestScript3 Pass]]>
    </system-out>
  </testcase> <!-- verifiyTitle -->
  <testcase classname="com.orange.Testscript.TestScript3" name="closeBrowser" time="0.198">
    <system-out>
      <![CDATA[Test Case Pass ]]>
    </system-out>
  </testcase> <!-- closeBrowser -->
  <system-out>
    <![CDATA[Test Case Pass 
Test Case Pass 
Test Case Pass 
Test Case Pass 
Test Case Pass 
Test Case Pass 
TestScript2 Pass
Test Case Pass 
TestScript3 Pass
Test Case Pass ]]>
  </system-out>
</testsuite> <!-- com.orange.Testscript.TestScript3 -->
