<?xml version="1.0" encoding="UTF-8"?>
<!-- Generated by org.testng.reporters.JUnitReportReporter -->
<testsuite hostname="si-rakshiths2" failures="0" tests="4" name="com.orange.generic.BaseClass" time="18.479" errors="0" timestamp="2026-05-22T09:56:20 IST" skipped="0">
  <testcase classname="com.orange.generic.BaseClass" name="OpenBrowser" time="10.585"/>
  <testcase classname="com.orange.generic.BaseClass" name="login" time="1.100"/>
  <testcase classname="com.orange.generic.BaseClass" name="logout" time="4.489"/>
  <testcase classname="com.orange.generic.BaseClass" name="browserClose" time="2.305"/>
</testsuite> <!-- com.orange.generic.BaseClass -->
