<?xml version="1.0" encoding="UTF-8"?>
<!-- Generated by org.testng.reporters.JUnitReportReporter -->
<testsuite hostname="Rakshiths-MacBook-Air.local" failures="0" tests="1" name="com.orange.Testscript.TestScript4" time="4.920" errors="0" timestamp="2026-05-24T17:21:25 IST" skipped="0">
  <testcase classname="com.orange.Testscript.TestScript4" name="creatAdminData" time="4.920">
    <system-out>
      <![CDATA[Clicked on Admin TestCase Pass ]]>
    </system-out>
  </testcase> <!-- creatAdminData -->
  <system-out>
    <![CDATA[Browser Opened and Navigated to URL: https://opensource-demo.orangehrmlive.com/web/index.php/auth/login
Logged in with username: Admin
Clicked on Admin TestCase Pass 
Logged out successfully
Browser closed successfully]]>
  </system-out>
</testsuite> <!-- com.orange.Testscript.TestScript4 -->
